[   0.0000] nux erion .15.0-9-generic (buiddlgw01md64-3) (gc ersn 7.4.0 (Uuntu7..0-buntu18.04)) #2-buntu P Fri Fe 2 11:098 UTC 220 (Uunu .1.0-91.92eneric4.1518)
[   .00000 Commndline: BOT_IMAGE=oot/mlnuz-4.150-91-generi roo=UID=8dfb92c0-cf5-454a-95e4-5f3e53ce3d2d ro console=tty1 console=ttyS0
[   0.0000] ERNEL pported cpus:
[    0.000000]   Intel GenuineIntel
[    0.000000]   AMD AuthenticAMD
[    0.000000]   Centaur CentaurHauls
[    0.000000] x86/fpu: Suppotig XSVEfetue x01:'x7 floating point registes'
[  0.00000] 86fpu: uportg XSAVE eaure 0x02: 'SS regiser'
[   .000000 x6/fpu:Suportig SAV fatur 0004: 'AVregister
[   0.000] x86/fp xstate_offset[2]:  576, xstate_sizes[2]:  256
[    0.000000] x86/fpu: Enabled xstate features 0x7, context size is 832 byts, using 'standard' format.
[    0.00000] e820: IO-proved physical RAM map:
[    0000000]BIS-e20 [mem x0000000000000-0000000009fbff] uable
[  0.0000] BS-e820:[mm 0x000000009fc00-x000000009fff] reserve
[   0.0000] BIOe820:mem 0000000000000-00000000000fffff] reserved
[    0.000000] BIOS-e820: [mem 0x0000000000100000-0x000000003ffeffff] usable
[   0.00000 BIOS-e820: [mem 0x000000003fff0000-0x000000003fffffff] ACPI data
[   0000000] OS-e820:[mm x0000000fe0000x0000000fec0ff] rerved
[   0.0000] BIOS-e820: [mem 0x00000000fee00000-0x00000000fee00fff] reservd
[   0.00000] BIS-820 [em 0x000000ff0000-0x000000ffffff]eserved[   .000000]X (ExecuteDisabe) otection: acive
[  0.0000] SBIS 2. pesnt.[   0.0000] MI: nntek Gm ViruaBox/Vrtalox BIOS iruaBo 12/01/206
[    000000] Hpevisodetete: KVM[   .00000] e820last_fn =0x3ff0 ax_ar_pfn= x4000000
[   0.0000] RR: Disabled
[    0.0000]86/P: MTRRs disaled, siping T intiliaton t.
[  0.0000] CPUMTRR al lak - viralizedsytem.
[   0000000] x/PATConfigraio [-7]:B  W  C- UC W  WTUC- UC  
[    000000 fun SP MPableat [mem x009fff0-00009fff
[    0.000000] Scannng 1 reas for low memory corupti
[    .0000]RAMDISK: [m 0x3596500-0x3cafff]
    .00000]CPI:Early tle checksum verification ddisabled
    0.00000] CP: RSDP 0000000000E000 000024 (v02VBX  )
[   0.0000 API: SD 00000000FF00300003 (01 VX   VBOXXST 000001AS  000006)
[   0.0000 ACP: AC 0x000000003FFF0F0 000F4v04 VBX  VOXACP 000001 AL 0000001)
[   0.0000 ACPI: DSDT 0x0000003FFF0470 021FF (02VBOX  VBOXBIOS 00000002 INTL 20100528)
[    0.000000] ACPI: FACS 0x000000003FFF0200 000040
[    0.000000] ACPI: FACS 0x000000003FFF0200 000040
[    0.000000] ACPI: APIC 0x000000003FFF0240 00005C (v02 VBOX   VBOXAPIC 000000 ASL  00001)
[   0.00000ACPISSDT x0000003FFF02A0 001 (v01 BO   VBOXCPUT 00000002 INTL 20100528)
[    0.000000] No NUMA configuration found
[    0.000000] Faking a node at [mem 0x0000000000000000-0x000000003ffeff]
[   .000000] ODE_DATA() llocated [mem 03ffc50-0x3ffefff]
   0.0000] kvmlock cu 0, msr 0:3ff44001, pimry cpu clock
[    0.0000] vm-coc: Using sr 4b5d01 an4b564d00
    0.0000] vmclock: ing chd offt of3403529 yces
[   0.0000] clockurce km-clck ma: 0xfffffffffffff ax_cyces 0x142e4dffb, max_idle_ns: 819091483ns
[  0.00000]Zone nges:
[    0.000000]   DMA      [mem 0x0000000000001000-0x00000000fffff]
[  0.00000]   DA3    me 0x00000000000-000000003ffffff
[    0.000000]   Normal   empty
[   .00000]   Device   empty
[    0.000000] Movable zone start for each node
[    0.000000] Early memory node ranges
[    0.000000]   node   0: [mem 0x0000000000001000-0x000000000009efff]
[    0.000000]   node   0: [mem 0000000001000-x0000003ffeff]
[  0.0000] servd utunvailab: 98 pge
[   0.00000] nitmesetup no 0 [em0x0000000000001000-0x000000003ffeffff]
[    0.000000] ACPI: PM-Timer IO Port: 0x4008
   0.00000]IOAC[0]: apc_d 2,vesio32, addrs 0xfec0000,GSI-23
[   000000]ACPIINT_RCOVR bu 0 busrq 0globl_irq 2 df dfl)
[    0.0000] ACP INT_SRC_OV((bus bus_q 9 global_iq 9 low evl)
[  0.000000] Using ACPI (MADT) for SMP configuration information
[    0.0000] pboo: llowin2 CPUs, 0 hotplug CPUs
[    0.000000] PM: Registered nosave memory: [mem 0x00000000-0x00000fff]
[    0.000000] PM: Registered nosave memory: [mem 0x0009f000-0x0009ffff]
[    00000 PM: egstre nosvememory [me 0x00a0000-x00effff
    0.0000] M:Registeednosaveemory:[mm 0x00f000-000ffff
[    000000] e20: [mem0x400000-0xfbffff] valablefo PCI dvices
[    0.000000] Booting paravirtualized kernel on KVM
[    0.000000] clocksource: refined-jiffies: mask: 0xffffffff max_cycles: 0xfffffff max_idl_n: 765196002168 ns
[   0.0000] rndm: getradombytes calle from stat_ernel+0990x4fdwih crg_nit=
    .00000]seuppercpu: NR_CPUS812 nr_cpmak_bits:2 nr_cpu_ids:2 nr_node_ids:1
[   0.00000] prcu: Embddd 45ages/cp s4756r812 2872u10457
[  0.0000] PV qpinlckhashtale entries: 256 (order: 0, 096 bes)
[    0.00000 Bilt  zonelists, mobility grouping on.  Total pages: 257913
[    0.000000] Policy zone: DMA32
[    0.000000] Kernel command line: BOT_IMAE=/boot/vmlinuz-415.0-91-generic root=UUID=8dfb92c0-c4f5-54a-5e-5f3e5e3d2d ro cssolety1 cnsle=ttyS0
[    0.000000] Memory: 982536K/1048120K available (12300K kernel code, 2481K rwdata4264Kodata, 22K in, 2712K s, 654K reserved 0K cm-rseve)
[  0.0000] SUB HWlin=64,Order=-3, MObjects0,CPUs=2, Nde==1
[  0.0000] Kern/User ag tbls isation: enabled
[    0.0000] ftac: aloctig 937 ntries in 4 page
    .04000 Herarchicl RCU impementation.
[  0.00400] RCU restricting CPUs from NR_CPUS=8192 to nr_cpu_ids=2.
[    0.004000] 	Tasks RCU enabled.
[    0.004000] RCU: Adjusting geometry for rcu_fanout_leaf=16, nr_cpu_ids=2
[    0.00400] NR_IRQS: 524544, nr_irqs: 440, preallocatedirqs: 16
[   0.04000 Console: colour VGA+ 8x2
[   .0040] conol [tty1] enabled
[    0.004000]onsole [yS0] able
    0.0040] AC: Cor rvision20170831
[   0.0400] ACP 2 AC AMLtales succssfullyacuir and loaded
[    0.004000 APIC: Switch to symmetric I/O mode setup
[    0.004270] x2apic enabled
[    0.008007] Switched APIC routing to physical x2apic.
[    0.013050] ..TIMER: vector=0x30 apic1=0 pin1=2 apic2=-1 pin2=-1
[    0.016005] tsc: Detected 2699.998 MHz processor
[    0.020012] Calibrating delay loop (skipped) preset value.. 5399.99 BogoMIPS (lpj=10799992)
[    0.024007] pid_max: default: 32768 minimum: 301
[    0.028037] Security Framework initialized
[    0.032007] Yama: becoming mindful.
[    0.033177] AppArmor: AppArmor initialized
[    0.037715] Dentry cache hash table entries: 131072 (order: 8, 1048576 bytes)
[    0.040090] Inode-cache hash table entries: 65536 (order: 7, 524288 bytes)
[    0.044029] Mount-cache hash table entries: 2048 (order: 2, 16384 bytes)
[    0.048015] Mountpoint-cache hash table entries: 2048 (order: 2, 16384 bytes)
[    0.052260] Last level iTLB entries: 4KB 64, 2MB 8, 4MB 8
[    0.056006] Last level dTLB entries: 4KB 64, 2MB 0, 4MB 0, 1GB 4
[    0.060005] Spectre V1 : Mitigation: usercopy/swapgs barriers and __user pointer sanitization
[    0.064006] Spectre V2 : Mitigation: Full generic retpoline
[    0.068003] Spectre V2 : Spectre v2 / SpectreRSB mitigation: Filling RSB on context switch
[    0.072006] Speculative Store Bypass: Vulnerable
[    0.076042] MDS: Vulnerable: Clear CPU buffers attempted, no microcode
[    0.080160] Freeing SMP alternatives memory: 36K
[    0.196130] smpboot: CPU0: Intel(R) Core(TM) i5-5257U CPU @ 2.70GHz (family: 0x6, model: 0x3d, stepping: 0x4)
[    0.200093] Performance Events: unsupported p6 CPU model 61 no PMU driver, software events only.
[    0.204091] Hierarchical SRCU implementation.
[    0.208968] NMI watchdog: Perf event create on CPU 0 failed with -2
[    0.212007] NMI watchdog: Perf NMI watchdog permanently disabled
[    0.216086] smp: Bringing up secondary CPUs ...
[    0.220140] x86: Booting SMP configuration:
[    0.224004] .... node  #0, CPUs:      #1
[    0.004000] kvm-clock: cpu 1, msr 0:3ff44041, secondary cpu clock
[    0.232023] smp: Brought up 1 node, 2 CPUs
[    0.236006] smpboot: Max logical packages: 1
[    0.240006] smpboot: Total of 2 processors activated (10799.99 BogoMIPS)
[    0.248069] devtmpfs: initialized
[    0.252062] x86/mm: Memory block size: 128MB
[    0.256143] evm: security.selinux
[    0.260003] evm: security.SMACK64
[    0.264004] evm: security.SMACK64EXEC
[    0.268005] evm: security.SMACK64TRANSMUTE
[    0.272005] evm: security.SMACK64MMAP
[    0.276002] evm: security.apparmor
[    0.280005] evm: security.ima
[    0.284003] evm: security.capability
[    0.288105] clocksource: jiffies: mask: 0xffffffff max_cycles: 0xffffffff, max_idle_ns: 7645041785100000 ns
[    0.292022] futex hash table entries: 512 (order: 3, 32768 bytes)
[    0.300050] pinctrl core: initialized pinctrl subsystem
[    0.304146] RTC time:  2:44:17, date: 04/07/20
[    0.308304] NET: Registered protocol family 16
[    0.312098] audit: initializing netlink subsys (disabled)
[    0.316050] audit: type=2000 audit(1586227432.700:1): state=initialized audit_enabled=0 res=1
[    0.496009] cpuidle: using governor ladder
[    0.500014] cpuidle: using governor menu
[    0.504053] ACPI: bus type PCI registered
[    0.508006] acpiphp: ACPI Hot Plug PCI Controller Driver version: 0.5
[    0.512127] PCI: Using configuration type 1 for base access
[    0.516921] HugeTLB registered 2.00 MiB page size, pre-allocated 0 pages
[    0.520089] ACPI: Added _OSI(Module Device)
[    0.524005] ACPI: Added _OSI(Processor Device)
[    0.528004] ACPI: Added _OSI(3.0 _SCP Extensions)
[    0.532004] ACPI: Added _OSI(Processor Aggregator Device)
[    0.536007] ACPI: Added _OSI(Linux-Dell-Video)
[    0.540007] ACPI: Added _OSI(Linux-Lenovo-NV-HDMI-Audio)
[    0.544009] ACPI: Added _OSI(Linux-HPI-Hybrid-Graphics)
[    0.548119] ACPI: Executed 1 blocks of module-level executable AML code
[    0.560486] ACPI: Interpreter enabled
[    0.564033] ACPI: (supports S0 S5)
[    0.568009] ACPI: Using IOAPIC for interrupt routing
[    0.572260] PCI: Using host bridge windows from ACPI; if necessary, use "pci=nocrs" and report a bug
[    0.576238] ACPI: Enabled 2 GPEs in block 00 to 07
[    0.588540] ACPI: PCI Root Bridge [PCI0] (domain 0000 [bus 00-ff])
[    0.592016] acpi PNP0A03:00: _OSC: OS supports [ASPM ClockPM Segments MSI]
[    0.596047] acpi PNP0A03:00: _OSC: not requesting OS control; OS requires [ExtendedConfig ASPM ClockPM MSI]
[    0.600021] acpi PNP0A03:00: fail to add MMCONFIG information, can't access extended PCI configuration space under this bridge.
[    0.608103] PCI host bridge to bus 0000:00
[    0.612008] pci_bus 0000:00: root bus resource [io  0x0000-0x0cf7 window]
[    0.616007] pci_bus 0000:00: root bus resource [io  0x0d00-0xffff window]
[    0.620009] pci_bus 0000:00: root bus resource [mem 0x000a0000-0x000bffff window]
[    0.624008] pci_bus 0000:00: root bus resource [mem 0x40000000-0xfdffffff window]
[    0.628009] pci_bus 0000:00: root bus resource [bus 00-ff]
[    0.637429] pci 0000:00:01.1: legacy IDE quirk: reg 0x10: [io  0x01f0-0x01f7]
[    0.640012] pci 0000:00:01.1: legacy IDE quirk: reg 0x14: [io  0x03f6]
[    0.644010] pci 0000:00:01.1: legacy IDE quirk: reg 0x18: [io  0x0170-0x0177]
[    0.648009] pci 0000:00:01.1: legacy IDE quirk: reg 0x1c: [io  0x0376]
[    0.673361] pci 0000:00:07.0: quirk: [io  0x4000-0x403f] claimed by PIIX4 ACPI
[    0.676023] pci 0000:00:07.0: quirk: [io  0x4100-0x410f] claimed by PIIX4 SMB
[    0.694946] ACPI: PCI Interrupt Link [LNKA] (IRQs 5 9 10 *11)
[    0.696353] ACPI: PCI Interrupt Link [LNKB] (IRQs 5 9 *10 11)
[    0.700174] ACPI: PCI Interrupt Link [LNKC] (IRQs 5 *9 10 11)
[    0.704163] ACPI: PCI Interrupt Link [LNKD] (IRQs 5 9 10 *11)
[    0.708428] SCSI subsystem initialized
[    0.712074] pci 0000:00:02.0: vgaarb: setting as boot VGA device
[    0.713901] pci 0000:00:02.0: vgaarb: VGA device added: decodes=io+mem,owns=io+mem,locks=none
[    0.716005] pci 0000:00:02.0: vgaarb: bridge control possible
[    0.720004] vgaarb: loaded
[    0.724046] ACPI: bus type USB registered
[    0.728030] usbcore: registered new interface driver usbfs
[    0.732018] usbcore: registered new interface driver hub
[    0.736035] usbcore: registered new device driver usb
[    0.740078] EDAC MC: Ver: 3.0.0
[    0.744376] PCI: Using ACPI for IRQ routing
[    0.748695] NetLabel: Initializing
[    0.752008] NetLabel:  domain hash size = 128
[    0.756030] NetLabel:  protocols = UNLABELED CIPSOv4 CALIPSO
[    0.760034] NetLabel:  unlabeled traffic allowed by default
[    0.764116] clocksource: Switched to clocksource kvm-clock
[   0.98] S:isquasdquo_6.60
[  1736]FSDqt-chha tlentes:51 (de0,09bys)
[   .1698] AppArm: pAorilysm abd  2.53] p:PnPAC it  3.240] pp:nPCP fnd dvis
[  3250]losoceac_p msk 0ffffma_cycles:0xffff mx_dlns207024s  4.84] ET:Restedrocofaly2
[   5.18823] TCPstliedastae trs:19(oer4,556 te
  5.42] P nd hash table entes 892orr:, 10 bes
[  6034]CP Hh bl cfire(eabshed812 nd19)  7.79] P shab eri: 2 rd:  184bytes)
[   8.199464] DP-Lite astaleenries: 512 (orer 2, 634 byes
  8.37] T:egted rocofaly
    9.18162] pci 0000:00:00.0: Limiting direct PCI/PCI transfers
[    9.274543] pci 0000:00:01.0: Activating ISA A ngorrods[  94833 pi 00002. Veoeve thhawe ROM a [m 000000x0dff
[ 10884]npking initrmf..

[   11.227330] Freeing initrd memory: 19732K
[   11.330123] clocksource: tsc: mask: 0xffffffffffffffff max_cycles: 0x26eb3cc21a9, max_idle_ns: 440795299783 ns
[   11.540390] platform rtc_cmos: registered platform RTC device (no PNP device found)
[   11.696578] Scanning for low memory corruption every 60 seconds
[   11.809643] Initialise system trusted keyrings
[   11.877579] Key type blacklist registered
[   11.906125] workingset: timestamp_bits=36 max_order=18 bucket_order=0
[   11.990999] zbud: loaded
[   12.009779] squashfs: version 4.0 (2009/01/31) Phillip Lougher
[   12.074319] fuse init (API version 7.26)
[   121458] Key type asymmetric registered
[   12.272175] Asymmetric key parser 'x509' registered
[   12.314145] Block layer SCSI generic (bsg) driver version 0.4 loaded (major 246)
[   12.410074] io scheduler noop registered
[   12.472561] io scheduler deadline registered
[   12.548922] io scheduler cfq registered (default)
[   12.610422] ACPI: AC Adapter [AC] (off-line)
[   12.664865] input: Power Button as /devices/LNXSYSTM:00/LNXPWRBN:00/input/input0
[   12.775780] ACPI: Power Button [PWRF]
[   12.825525] input: Sleep Button as /devices/LNXSYSTM:00/LNXSLPBN:00/input/input1
[   12.919035] ACPI: Sleep Button [SLPF]
[   12.969109] Serial: 8250/16550 driver, 32 ports, IRQ sharing enabled
[   12.970288] ACPI: Battery Slot [BAT0] (battery present)
[   13.082831] 00:02: ttyS0 at I/O 0x3f8 (irq = 4, base_baud = 115200) is a 16550A
[   13.135977] Linux agpgart interface v0.103
[   13.191124] loop: module loaded
[   13.249994] scsi host0: ata_piix
[   13.290060] scsi host1: ata_piix
[   13.353244] ata1: PATA max UDMA/33 cmd 0x1f0 ctl 0x3f6 bmdma 0xd000 irq 14
[   13.479085] ata2: PATA max UDMA/33 cmd 0x170 ctl 0x376 bmdma 0xd008 irq 15
[   13.593174] libphy: Fixed MDIO Bus: probed
[   13.656644] tun: Universal TUN/TAP device driver, 1.6
[   13.745788] PPP generic driver version 2.4.2
[   13.848740] ehci_hcd: USB 2.0 'Enhanced' Host Controller (EHCI) Driver
[   13.969851] ehci-pci: EHCI PCI platform driver
[   14.040439] ehci-platform: EHCI generic platform driver
[   14.139834] ohci_hcd: USB 1.1 'Open' Host Controller (OHCI) Driver
[   14.259724] ohci-pci: OHCI PCI platform driver
[   14489]hcplator OI nec atrmdrer[ 14669]hchc USBUnvesa Ht onroerntfa dve

[   15.748572] i8042: PNP: PS/2 Controller [PNP0303:PS2K,PNP0f03:PS2M] at 0x60,0x64 irq 1,12
[  17550seo:80 K pt  00,0x64 iq 1
[   16795]ero:i8042 AUX port at 0x60,0x64 irq 12
[  1494521 msev:S/moe vi cmofo a me
[   17.144634] rtc_cmos rtc_cmos: rtc core: registered rtc_cmos as rtc0
[   17.259980] input: AT Translated Set 2 keyboard as /devices/platform/i8042/serio0/input/input2
[   17.264364] rtc_cmos rtc_cmos: alarms up to one day, 114 bytes nvram
[   17.542871] i2c /dev entries driver
[   17.573494] device-mapper: uevent: version 1.0.3
[   17.599080] device-mapper: ioctl: 4.37.0-ioctl (2017-09-20) initialised: dm-devel@redhat.com
[   17.746003] ledtrig-cpu: registered to indicate activity on CPUs
[   17.910136] NET: Registered protocol family 10
[   17.991990] Segment Routing with IPv6
[   18.074099] NET: Registered protocol family 17
[   18.168968] Key type dns_resolver registered
[   18.249592] mce: Using 0 MCE banks
[   18.314835] RAS: Correctable Errors collector initialized.
[   18.409176] sched_clock: Marking stable (18409147538, 0)->(51788117106, -33378969568)
[   18.556712] registered taskstats version 1
[   18.618044] Loading compiled-in X.509 certificates
[   18.649604] Loaded X.509 cert 'Build time autogenerated kernel key: d019e8c5f4cbc828f6af43369f65a014a3a68371'
[   18.681687] zswap: loaded using pool lzo/zbud
[   18.714250] Key type big_key registered
[   18.728482] Key type trusted registered
[   18.738662] Key type encrypted registered
[   18.805707] AppArmor: AppArmor sha1 policy hashing enabled
[   18.880900] ima: No TPM chip found, activating TPM-bypass! (rc=-19)
[   18.980348] ima: Allocated hash algorithm: sha1
[   19.056035] evm: HMAC attrs: 0x1
[   19.119492]   Magic number: 0:406:712
[   19.188475] rtc_cmos rtc_cmos: setting system clock to 2020-04-07 02:44:38 UTC (1586227478)
[   19.346503] BIOS EDD facility v0.16 2004-Jun-25, 0 devices found
[   19.469317] EDD information not available.
[   19.588847] Freeing unused kernel image memory: 2432K
[   19.768475] Write protecting the kernel read-only data: 20480k
[   19.799959] Freeing unused kernel image memory: 2008K
[   19.813847] Freeing unused kernel image memory: 1880K
[   19.843581] x86/mm: Checked W+X mappings: passed, no W+X pages found.
[   19.859067] x86/mm: Checking user space page tables
[   19.870369] x86/mm: Checked W+X mappings: passed, no W+X pages found.
Loading, please wait...
starting version 237
[   19.948570] e1000: Intel(R) PRO/1000 Network Driver - version 7.3.21-k8-NAPI
[   19.959267] e1000: Copyright (c) 1999-2006 Intel Corporation.
[   19.966153] Fusion MPT base driver 3.04.20
[   19.986657] Copyright (c) 1999-2008 LSI Corporation
[   19.991719] Fusion MPT SPI Host driver 3.04.20
[   20.015149] AVX2 version of gcm_enc/dec engaged.
[   20.028597] AES CTR mode by8 optimization enabled
[   20.215691] input: ImExPS/2 Generic Explorer Mouse as /devices/platform/i8042/serio1/input/input4
[   20.390125] e1000 0000:00:03.0 eth0: (PCI:33MHz:32-bit) 02:86:7f:17:30:67
[   20.609788] e1000 0000:00:03.0 eth0: Intel(R) PRO/1000 Network Connection
[   21.049482] e1000 0000:00:08.0 eth1: (PCI:33MHz:32-bit) 08:00:27:2f:e7:f7
[   21.183714] e1000 0000:00:08.0 eth1: Intel(R) PRO/1000 Network Connection
[   21.278572] mptbase: ioc0: Initiating bringup
[   21.278805] e1000 0000:00:08.0 enp0s8: renamed from eth1
[   21.365090] e1000 0000:00:03.0 enp0s3: renamed from eth0
[   21.549592] ioc0: LSI53C1030 A0: Capabilities={Initiator}
[   23.610750] scsi host2: ioc0: LSI53C1030 A0, FwRev=00000000h, Ports=1, MaxQ=256, IRQ=20
[   25.532973] scsi 2:0:0:0: Direct-Access     VBOX     HARDDISK         1.0  PQ: 0 ANSI: 5
[   25.692556] scsi target2:0:0: Beginning Domain Validation
[   25.701829] scsi target2:0:0: Domain Validation skipping write tests
[   25.725734] scsi target2:0:0: Ending Domain Validation
[   25.755922] scsi target2:0:0: asynchronous
[   25.930572] scsi 2:0:1:0: Direct-Access     VBOX     HARDDISK         1.0  PQ: 0 ANSI: 5
[   26.204190] scsi target2:0:1: Beginning Domain Validation
[   26.378099] random: fast init done
[   27.052937] scsi target2:0:1: Domain Validation skipping write tests
[   27.246497] scsi target2:0:1: Ending Domain Validation
[   27.476335] scsi target2:0:1: asynchronous
[   27.653445] random: systemd-udevd: uninitialized urandom read (16 bytes read)
[   27.661299] random: systemd-udevd: uninitialized urandom read (16 bytes read)
[   27.686445] sd 2:0:0:0: Attached scsi generic sg0 type 0
[   27.686758] sd 2:0:1:0: Attached scsi generic sg1 type 0
[   27.707316] random: systemd-udevd: uninitialized urandom read (16 bytes read)
[   27.726260] sd 2:0:0:0: [sda] 20971520 512-byte logical blocks: (10.7 GB/10.0 GiB)
[   27.726348] sd 2:0:0:0: [sda] Write Protect is off
[   27.726463] sd 2:0:1:0: [sdb] 20480 512-byte logical blocks: (10.5 MB/10.0 MiB)
[   27.726558] sd 2:0:0:0: [sda] Incomplete mode parameter data
[   27.748397] sd 2:0:1:0: [sdb] Write Protect is off
[   27.755359] sd 2:0:0:0: [sda] Assuming drive cache: write through
[   27.771439]  sda: sda1
[   27.941122] sd 2:0:1:0: [sdb] Incomplete mode parameter data
[   27.941852] sd 2:0:0:0: [sda] Attached SCSI disk
[   27.946679] sd 2:0:1:0: [sdb] Assuming drive cache: write through
[   28.124928] sd 2:0:1:0: [sdb] Attached SCSI disk
Begin: Loading essential drivers ... [   29.652168] raid6: sse2x1   gen() 10408 MB/s
[   29.724278] raid6: sse2x1   xor()  7162 MB/s
[   29.824117] raid6: sse2x2   gen() 11749 MB/s
[   29.928178] raid6: sse2x2   xor()  7043 MB/s
[   30.004128] raid6: sse2x4   gen()  7958 MB/s
[   30.064258] raid6: sse2x4   xor()  8989 MB/s
[   30.176050] raid6: avx2x1   gen() 19614 MB/s
[   30.300570] raid6: avx2x1   xor() 13553 MB/s
[   30.416101] raid6: avx2x2   gen() 23100 MB/s
[   30.516019] raid6: avx2x2   xor() 13662 MB/s
[   30.616218] raid6: avx2x4   gen() 26738 MB/s
[   30.728212] raid6: avx2x4   xor() 17161 MB/s
[   30.783004] raid6: using algorithm avx2x4 gen() 26738 MB/s
[   30.808723] raid6: .... xor() 17161 MB/s, rmw enabled
[   30.860141] raid6: using avx2x2 recovery algorithm
[   30.942223] xor: automatically using best checksumming function   avx       
[   31.021381] async_tx: api initialized (async)
done.
Begin: Running /scripts/init-premount ... done.
Begin: Mounting root file system ... Begin: Running /scripts/local-top ... done.
Begin: Running /scripts/local-premount ... [   31.119869] Btrfs loaded, crc32c=crc32c-intel
Scanning for Btrfs filesystems
done.
Warning: fsck no[   31.205804] EXT4-fs (sda1): mounted filesystem with ordered data mode. Opts: (null)
t present, so skipping root file system
done.
Begin: Running /scripts/local-bottom ... done.
Begin: Running /scripts/init-bottom ... done.
[   31.624861] ip_tables: (C) 2000-2006 Netfilter Core Team
[   32.333426] systemd[1]: systemd 237 running in system mode. (+PAM +AUDIT +SELINUX +IMA +APPARMOR +SMACK +SYSVINIT +UTMP +LIBCRYPTSETUP +GCRYPT +GNUTLS +ACL +XZ +LZ4 +SECCOMP +BLKID +ELFUTILS +KMOD -IDN2 +IDN -PCRE2 default-hierarchy=hybrid)
[   36.891858] systemd[1]: Detected virtualization oracle.
[   38.097005] systemd[1]: Detected architecture x86-64.

Welcome to [1mUbuntu 18.04.4 LTS[0m!

[   39.279087] systemd[1]: Set hostname to <ubuntu-bionic>.
[   39.959067] systemd[1]: Created slice User and Session Slice.
[[0;32m  OK  [0m] Created slice User and Session Slice.
[   40.124318] systemd[1]: Reached target User and Group Name Lookups.
[[0;32m  OK  [0m] Reached target User and Group Name Lookups.
[   40.185425] systemd[1]: Reached target System Time Synchronized.
[[0;32m  OK  [0m] Reached target System Time Synchronized.
[   40.259220] systemd[1]: Started Forward Password Requests to Wall Directory Watch.
[[0;32m  OK  [0m] Started Forward Password Requests to Wall Directory Watch.
[   40.293346] systemd[1]: Created slice System Slice.
[[0;32m  OK  [0m] Created slice System Slice.
[   40.476324] systemd[1]: Listening on Syslog Socket.
[[0;32m  OK  [0m] Listening on Syslog Socket.
[   40.502079] systemd[1]: Listening on Journal Audit Socket.
[[0;32m  OK  [0m] Listening on Journal Audit Socket.
[   40.691280] systemd[1]: Listening on udev Kernel Socket.
[[0;32m  OK  [0m] Listening on udev Kernel Socket.
[[0;32m  OK  [0m] Listening on LVM2 metadata daemon socket.
[[0;32m  OK  [0m] Reached target Slices.
[[0;32m  OK  [0m] Listening on /dev/initctl Compatibility Named Pipe.
[[0;32m  OK  [0m] Created slice system-serial\x2dgetty.slice.
[[0;32m  OK  [0m] Listening on udev Control Socket.
[[0;32m  OK  [0m] Listening on Journal Socket (/dev/log).
[[0;32m  OK  [0m] Listening on Network Service Netlink Socket.
[[0;32m  OK  [0m] Listening on LVM2 poll daemon socket.
[[0;32m  OK  [0m] Listening on Journal Socket.
         Starting Create list of required st…ce nodes for the current kernel...
         Starting Journal[   41.108953] random: crng init done
 Service...
[   41.140907] random: 7 urandom warning(s) missed due to ratelimiting
         Starting udev Coldplug all Devices...
         Starting Load Kernel Modules...
         Starting Remount Root and Kernel[   41.258115] Loading iSCSI transport class v2.0-870.
 File Systems...
         [   41.303418] iscsi: registered transport (tcp)
Mounting POSIX M[   41.315676] EXT4-fs (sda1): re-mounted. Opts: (null)
essage Queue File System...
[   41.427330] iscsi: registered transport (iser)
         Mounting Huge Pages File System...
         Starting Set the console keyboard layout...
[[0;32m  OK  [0m] Set up automount Arbitrary Executab…rmats File System Automount Point.
         Starting Uncomplicated firewall...
[[0;32m  OK  [0m] Listening on Device-mapper event daemon FIFOs.
         Starting Monitoring of LVM2 mirrors…ng dmeventd or progress polling...
         Mounting Kernel Debug File System...
[[0;32m  OK  [0m] Reached target Swap.
[[0;32m  OK  [0m] Started Journal Service.
[[0;32m  OK  [0m] Started Create list of required sta…vice nodes for the current kernel.
[[0;32m  OK  [0m] Started Load Kernel Modules.
[[0;32m  OK  [0m] Started Remount Root and Kernel File Systems.
[[0;32m  OK  [0m] Mounted POSIX Message Queue File System.
[[0;32m  OK  [0m] Mounted Huge Pages File System.
[[0;32m  OK  [0m] Started Set the console keyboard layout.
[[0;32m  OK  [0m] Started Uncomplicated firewall.
[[0;32m  OK  [0m] Mounted Kernel Debug File System.
[[0;32m  OK  [0m] Started udev Coldplug all Devices.
[[0;32m  OK  [0m] Started LVM2 metadata daemon.
         Starting Load/Save Random Seed...
         Mounting FUSE Control File System...
         Starting Apply Kernel Variables...
         Mounting Kernel Configuration File System...
         Starting Create Static Device Nodes in /dev...
         Starting Flush Journal to Persistent Storage...
[[0;32m  OK  [0m] Started Monitoring of LVM2 mirrors,…sing dmeventd or progress polling.
[[0;32m  OK  [0m] Started Load/Save Random Seed.
[[0;32m  OK  [0m] Mounted FUSE Control File System.
[[0;32m  OK  [0m] Started Apply Kernel Variables.
[[0;32m  OK  [0m] Mounted Kernel Configuration File System.
[[0;32m  OK  [0m] Started Create Static Device Nodes in /dev.
         Starting udev Kernel Device Manager...
[[0;32m  OK  [0m] Reached target Local File Systems (Pre).
[[0;32m  OK  [0m] Reached target Local File Systems.
         Starting Tell Plymouth To Write Out Runtime Data...
         Starting AppArmor initialization...
         Starting Set console font and keymap...
         Starting ebtables ruleset management...
[[0;32m  OK  [0m] Started udev Kernel Device Manager.
[[0;32m  OK  [0m] Started Flush Journal to Persistent Storage.
[[0;32m  OK  [0m] Started Tell Plymouth To Write Out Runtime Data.
[[0;32m  OK  [0m] Started Set console font and keymap.
         Starting Create Volatile Files and Directories...
[[0;32m  OK  [0m] Started Dispatch Password Requests to Console Directory Watch.
[[0;32m  OK  [0m] Reached target Local Encrypted Volumes.
[[0;32m  OK  [0m] Started Create Volatile Files and Directories.
[[0;32m  OK  [0m] Started ebtables ruleset management.
[[0;32m  OK  [0m] Found device /dev/ttyS0.
[[0;32m  OK  [0m] Listening on Load/Save RF Kill Switch Status /dev/rfkill Watch.
         Starting Update UTMP about System Boot/Shutdown...
[[0;32m  OK  [0m] Started AppArmor initialization.
         Starting Initial cloud-init job (pre-networking)...
[[0;32m  OK  [0m] Started Update UTMP about System Boot/Shutdown.
[   45.936570] cloud-init[586]: Cloud-init v. 19.4-33-gbb4131a2-0ubuntu1~18.04.1 running 'init-local' at Tue, 07 Apr 2020 02:45:04 +0000. Up 45.65 seconds.
[[0;32m  OK  [0m] Started Initial cloud-init job (pre-networking).
[[0;32m  OK  [0m] Reached target Network (Pre).
         Starting Network Service...
[[0;32m  OK  [0m] Started Network Service.
         Starting Wait for Network to be Configured...
         Starting Network Name Resolution...
[[0;32m  OK  [0m] Started Network Name Resolution.
[[0;32m  OK  [0m] Reached target Network.
[[0;32m  OK  [0m] Reached target Host and Network Name Lookups.
[[0;32m  OK  [0m] Started Wait for Network to be Configured.
         Starting Initial cloud-init job (metadata service crawler)...
[   48.867053] cloud-init[721]: Cloud-init v. 19.4-33-gbb4131a2-0ubuntu1~18.04.1 running 'init' at Tue, 07 Apr 2020 02:45:08 +0000. Up 48.70 seconds.
[   48.934970] cloud-init[721]: ci-info: ++++++++++++++++++++++++++++++++++++++Net device info+++++++++++++++++++++++++++++++++++++++
[   49.012472] cloud-init[721]: ci-info: +--------+------+-----------------------------+---------------+--------+-------------------+
[   49.096855] cloud-init[721]: ci-info: | Device |  Up  |           Address           |      Mask     | Scope  |     Hw-Address    |
[   49.165031] cloud-init[721]: ci-info: +--------+------+-----------------------------+---------------+--------+-------------------+
[[0;32m  OK  [0m[   49.212312] ] cloud-initStarted Initial cloud-init job (metadata service crawler).[721]: 
ci-info: | enp0s3 | True |          10.0.2.15          | 255.255.255.0 | global | 02:86:7f:17:30:67 |
[   49.213143] cloud-init[721]: ci-info: | enp0s3 | True |  fe80::86:7fff:fe17:3067/64 |       .       |  link  | 02:86:7f:17:30:67 |
[[   49.416968] cloud-init[721]: ci-info: | enp0s8 | True |        192.168.33.10        | 255.255.255.0 | global | 08:00:27:2f:e7:f7 |
[   49.417251] cloud-init[721]: ci-info: | enp0s8 | True | fe80::a00:27ff:fe2f:e7f7/64 |       .       |  link  | 08:00:27:2f:e7:f7 |
[0;32m  OK  [0m] Reached target Cloud-config availability.
[[   49.417525] cloud-init[721]: ci-info: |   lo   | True |          127.0.0.1          |   255.0.0.0   |  host  |         .         |
[0;32m  OK  [0m[   49.741755] ] cloud-initReached target Network is Online.[721]: 
ci-info: |   lo   | True |           ::1/128           |       .       |  host  |         .         |
[[   49.937273] cloud-init[721]: ci-info: +--------+------+-----------------------------+---------------+--------+-------------------+
[0;32m  OK  [0m] Reached target Remote File Systems (Pre).
[   49.937502] cloud-init[721]: ci-info: +++++++++++++++++++++++++++++Route IPv4 info+++++++++++++++++++++++++++++
[[   50.229482] cloud-init[721]: ci-info: +-------+--------------+----------+-----------------+-----------+-------+
[   50.229941] cloud-init[721]: ci-info: | Route | Destination  | Gateway  |     Genmask     | Interface | Flags |
[0;32m  OK  [0m] Reached target Remote File Systems.
[   50.230365] cloud-init[721]: ci-info: +-------+--------------+----------+-----------------+-----------+-------+
         [   50.500126] Starting Availability of block devices...cloud-init
[721]: ci-info: |   0   |   0.0.0.0    | 10.0.2.2 |     0.0.0.0     |   enp0s3  |   UG  |
[[   50.669616] cloud-init[721]: ci-info: |   1   |   10.0.2.0   | 0.0.0.0  |  255.255.255.0  |   enp0s3  |   U   |
[0;32m  OK  [0m] Reached target System Initialization.
[   50.670098] cloud-init[721]: ci-info: |   2   |   10.0.2.2   | 0.0.0.0  | 255.255.255.255 |   enp0s3  |   UH  |
         [   50.929117] Starting Socket activation for snappy daemon.cloud-init
[721]: ci-info: |   3   | 192.168.33.0 | 0.0.0.0  |  255.255.255.0  |   enp0s8  |   U   |
[[   51.034563] cloud-init[721]: ci-info: +-------+--------------+----------+-----------------+-----------+-------+
[   51.035303] cloud-init[721]: ci-info: +++++++++++++++++++Route IPv6 info+++++++++++++++++++
[   51.035552] cloud-init[721]: ci-info: +-------+-------------+---------+-----------+-------+
[0;32m  OK  [0m] Started ACPI Events Check.
[[   51.035846] cloud-init[721]: ci-info: | Route | Destination | Gateway | Interface | Flags |
[0;32m  OK  [0m] Started Daily Cleanup of Temporary Directories.
[   51.241179] cloud-init[721]: ci-info: +-------+-------------+---------+-----------+-------+
[[   51.394618] cloud-init[721]: ci-info: |   1   |  fe80::/64  |    ::   |   enp0s8  |   U   |
[0;32m  OK  [0m] Listening on D-Bus System Message Bus Socket.
[   51.394912] cloud-init[721]: ci-info: |   2   |  fe80::/64  |    ::   |   enp0s3  |   U   |
[[0;32m  OK  [0m[   51.476453] ] cloud-initListening on Open-iSCSI iscsid Socket.[721]: 
ci-info: |   4   |    local    |    ::   |   enp0s3  |   U   |
[[   51.597490] cloud-init[721]: ci-info: |   5   |    local    |    ::   |   enp0s8  |   U   |
[0;32m  OK  [0m] Listening on ACPID Listen Socket.
[   51.597756] cloud-init[721]: ci-info: |   6   |   ff00::/8  |    ::   |   enp0s8  |   U   |
[[   51.833036] cloud-init[721]: ci-info: |   7   |   ff00::/8  |    ::   |   enp0s3  |   U   |
[0;32m  OK  [0m] Started Discard unused blocks once a week.
[   51.833543] cloud-init[721]: ci-info: +-------+-------------+---------+-----------+-------+
[[0;32m  OK  [0m] Started Daily apt download activities.
[[0;32m  OK  [0m] Started Daily apt upgrade and clean activities.
[[0;32m  OK  [0m] Reached target Paths.
[[0;32m  OK  [0m] Started Message of the Day.
[[0;32m  OK  [0m] Reached target Timers.
[[0;32m  OK  [0m] Listening on UUID daemon activation socket.
         Starting LXD - unix socket.
[[0;32m  OK  [0m] Started Availability of block devices.
[[0;32m  OK  [0m] Listening on Socket activation for snappy daemon.
[[0;32m  OK  [0m] Listening on LXD - unix socket.
[[0;32m  OK  [0m] Reached target Sockets.
[[0;32m  OK  [0m] Reached target Basic System.
         Starting Accounts Service...
         Starting LSB: automatic crash report generation...
         Starting Login Service...
         Starting vboxadd.service...
         Starting OpenBSD Secure Shell server...
[[0;32m  OK  [0m] Started D-Bus System Message Bus.
[[0;32m  OK  [0m] Started Login Service.
[[0;32m  OK  [0m] Started Unattended Upgrades Shutdown.
         Starting Permit User Sessions...
[[0;32m  OK  [0m] Started irqbalance daemon.
[[0;32m  OK  [0m] Started Regular background program processing daemon.
         Starting LXD - container startup/shutdown...
         Starting Dispatcher daemon for systemd-networkd...
         Starting Snappy daemon...
[[0;32m  OK  [0m] Started FUSE filesystem for LXC.
[[0;32m  OK  [0m] Started Deferred execution scheduler.
         Starting System Logging Service...
         Starting Message of the Day...
         Starting LSB: Record successful boot for GRUB...
[[0;32m  OK  [0m] Started vboxadd.service.
[[0;32m  OK  [0m] Started Permit User Sessions.
[[0;32m  OK  [0m] Started OpenBSD Secure Shell server.
[[0;32m  OK  [0m] Started System Logging Service.
         Starting Authorization Manager...
         Starting Terminate Plymouth Boot Screen...
         Starting Hold until boot process finishes up...
         Starting vboxadd-service.service...
[[0;32m  OK  [0m] Started Terminate Plymouth Boot Screen.
[[0;32m  OK  [0m] Started Hold until boot process finishes up.
         Starting Set console scheme...
[[0;32m  OK  [0m] Started Serial Getty on ttyS0.
[[0;32m  OK  [0m] Started Dispatcher daemon for systemd-networkd.
[[0;32m  OK  [0m] Started LSB: automatic crash report generation.
[[0;32m  OK  [0m] Started LSB: Record successful boot for GRUB.
[[0;32m  OK  [0m] Started vboxadd-service.service.
[[0;32m  OK  [0m] Started LXD - container startup/shutdown.
[[0;32m  OK  [0m] Started Set console scheme.
[[0;32m  OK  [0m] Started Authorization Manager.
[[0;32m  OK  [0m] Started Accounts Service.
[[0;32m  OK  [0m] Created slice system-getty.slice.
[[0;32m  OK  [0m] Started Getty on tty1.
[[0;32m  OK  [0m] Reached target Login Prompts.
[[0;32m  OK  [0m] Started Snappy daemon.
         Starting Wait until snapd is fully seeded...
[[0;32m  OK  [0m] Started Wait until snapd is fully seeded.
         Starting Apply the settings specified in cloud-config...
[[0;32m  OK  [0m] Reached target Multi-User System.
[[0;32m  OK  [0m] Reached target Graphical Interface.
         Starting Update UTMP about System Runlevel Changes...
[[0;32m  OK  [0m] Started Update UTMP about System Runlevel Changes.
[[0;32m  OK  [0m] Created slice User Slice of vagrant.
         Starting User Manager for UID 1000...
[[0;32m  OK  [0m] Started Session 1 of user vagrant.
[[0;32m  OK  [0m] Started User Manager for UID 1000.
[   55.340948] cloud-init[1256]: Cloud-init v. 19.4-33-gbb4131a2-0ubuntu1~18.04.1 running 'modules:config' at Tue, 07 Apr 2020 02:45:14 +0000. Up 55.10 seconds.
[[0;32m  OK  [0m] Started Apply the settings specified in cloud-config.
         Starting Execute cloud user/final scripts...
[   56.261819] cloud-init[1367]: Cloud-init v. 19.4-33-gbb4131a2-0ubuntu1~18.04.1 running 'modules:final' at Tue, 07 Apr 2020 02:45:15 +0000. Up 56.04 seconds.
[   56.337193] cloud-init[1367]: Cloud-init v. 19.4-33-gbb4131a2-0ubuntu1~18.04.1 finished at Tue, 07 Apr 2020 02:45:15 +0000. Datasource DataSourceNoCloud [seed=/dev/sdb][dsmode=net].  Up 56.24 seconds
[[0;32m  OK  [0m] Started Execute cloud user/final scripts.
[[0;32m  OK  [0m] Reached target Cloud-init target.
[[0;32m  OK  [0m] Stopped Wait for Network to be Configured.
         Stopping Network Service...
[[0;32m  OK  [0m] Stopped Network Service.
         Starting Network Service...
[[0;32m  OK  [0m] Started Network Service.
         Stopping User Manager for UID 1000...
[[0;32m  OK  [0m] Stopped User Manager for UID 1000.
[[0;32m  OK  [0m] Removed slice User Slice of vagrant.
[[0;32m  OK  [0m] Started Message of the Day.

Ubuntu 18.04.4 LTS ubuntu-bionic ttyS0

ubuntu-bionic login: 